<?xml version="1.0" encoding="utf-8"?><testsuites><testsuite name="pytest" errors="0" failures="0" skipped="0" tests="4" time="3.588" timestamp="2023-12-02T21:16:49.960105" hostname="MacBook-Pro-de-Dennise.local"><testcase classname="tests.api.test_api.TestBatchPipeline" name="test_should_failed_unkown_column_1" time="0.020" /><testcase classname="tests.api.test_api.TestBatchPipeline" name="test_should_failed_unkown_column_2" time="0.007" /><testcase classname="tests.api.test_api.TestBatchPipeline" name="test_should_failed_unkown_column_3" time="0.007" /><testcase classname="tests.api.test_api.TestBatchPipeline" name="test_should_get_predict" time="0.037" /></testsuite></testsuites>