<?xml version="1.0" encoding="utf-8"?><testsuites><testsuite name="pytest" errors="0" failures="0" skipped="0" tests="4" time="130.060" timestamp="2023-12-02T20:20:59.058094" hostname="MacBook-Pro-de-Dennise.local"><testcase classname="tests.model.test_model.TestModel" name="test_model_fit" time="42.211" /><testcase classname="tests.model.test_model.TestModel" name="test_model_predict" time="43.423" /><testcase classname="tests.model.test_model.TestModel" name="test_model_preprocess_for_serving" time="0.169" /><testcase classname="tests.model.test_model.TestModel" name="test_model_preprocess_for_training" time="40.860" /></testsuite></testsuites>